<?xml version="1.0" encoding="UTF-8"?>
<!-- Generated by org.testng.reporters.JUnitReportReporter -->
<testsuite hostname="LAPTOP-OTJHPKP1" name="com.hrms.testscripts.ExcelinputTestNgtestcases" tests="3" failures="0" timestamp="15 Jul 2020 13:39:01 GMT" time="64.818" errors="0">
  <testcase name="deleteemp" time="24.685" classname="com.hrms.testscripts.ExcelinputTestNgtestcases"/>
  <testcase name="tc101_VerifyLogin" time="9.871" classname="com.hrms.testscripts.ExcelinputTestNgtestcases"/>
  <testcase name="tc102_Addnewempl" time="30.262" classname="com.hrms.testscripts.ExcelinputTestNgtestcases"/>
</testsuite> <!-- com.hrms.testscripts.ExcelinputTestNgtestcases -->
