<?xml version="1.0" encoding="UTF-8"?>
<!-- Generated by org.testng.reporters.JUnitReportReporter -->
<testsuite hostname="LAPTOP-OTJHPKP1" name="com.hrms.testscripts.TestNGtestcases" tests="3" failures="0" timestamp="15 Jul 2020 13:53:09 GMT" time="53.959" errors="0">
  <testcase name="tc101_VerifyLogin" time="6.354" classname="com.hrms.testscripts.TestNGtestcases"/>
  <testcase name="tc102_Addnewempl" time="38.641" classname="com.hrms.testscripts.TestNGtestcases"/>
  <testcase name="tc103_deleteemp" time="8.964" classname="com.hrms.testscripts.TestNGtestcases"/>
</testsuite> <!-- com.hrms.testscripts.TestNGtestcases -->
