<?xml version="1.0" encoding="UTF-8"?>
<!-- Generated by org.testng.reporters.JUnitReportReporter -->
<testsuite hostname="LAPTOP-OTJHPKP1" name="com.hrms.testscripts.Example" tests="9" failures="0" timestamp="9 Jul 2020 14:13:38 GMT" time="0.025" errors="0">
  <testcase name="tc105" time="0.010" classname="com.hrms.testscripts.Example"/>
  <testcase name="tc108" time="0.000" classname="com.hrms.testscripts.Example"/>
  <testcase name="tc106" time="0.000" classname="com.hrms.testscripts.Example"/>
  <testcase name="tc109" time="0.000" classname="com.hrms.testscripts.Example"/>
  <testcase name="tc102" time="0.000" classname="com.hrms.testscripts.Example"/>
  <testcase name="tc103" time="0.000" classname="com.hrms.testscripts.Example"/>
  <testcase name="tc101" time="0.000" classname="com.hrms.testscripts.Example"/>
  <testcase name="tc104" time="0.010" classname="com.hrms.testscripts.Example"/>
  <testcase name="tc107" time="0.005" classname="com.hrms.testscripts.Example"/>
</testsuite> <!-- com.hrms.testscripts.Example -->
